Performing C SOURCE FILE Test CMAKE_HAVE_LIBC_PTHREAD failed with the following output:
Change Dir: /home/rento/ダウンロード/Qnotepad-Ja/build/CMakeFiles/CMakeTmp

Run Build Command(s):/usr/bin/make cmTC_ff235/fast && /usr/bin/make -f CMakeFiles/cmTC_ff235.dir/build.make CMakeFiles/cmTC_ff235.dir/build
make[1]: ディレクトリ '/home/rento/ダウンロード/Qnotepad-Ja/build/CMakeFiles/CMakeTmp' に入ります
Building C object CMakeFiles/cmTC_ff235.dir/src.c.o
/usr/bin/cc   -DCMAKE_HAVE_LIBC_PTHREAD   -o CMakeFiles/cmTC_ff235.dir/src.c.o   -c /home/rento/ダウンロード/Qnotepad-Ja/build/CMakeFiles/CMakeTmp/src.c
Linking C executable cmTC_ff235
/usr/bin/cmake -E cmake_link_script CMakeFiles/cmTC_ff235.dir/link.txt --verbose=1
/usr/bin/cc  -DCMAKE_HAVE_LIBC_PTHREAD    CMakeFiles/cmTC_ff235.dir/src.c.o  -o cmTC_ff235 
/usr/bin/ld: CMakeFiles/cmTC_ff235.dir/src.c.o: in function `main':
src.c:(.text+0x46): undefined reference to `pthread_create'
/usr/bin/ld: src.c:(.text+0x52): undefined reference to `pthread_detach'
/usr/bin/ld: src.c:(.text+0x63): undefined reference to `pthread_join'
collect2: error: ld returned 1 exit status
make[1]: *** [CMakeFiles/cmTC_ff235.dir/build.make:87: cmTC_ff235] エラー 1
make[1]: ディレクトリ '/home/rento/ダウンロード/Qnotepad-Ja/build/CMakeFiles/CMakeTmp' から出ます
make: *** [Makefile:121: cmTC_ff235/fast] エラー 2


Source file was:
#include <pthread.h>

void* test_func(void* data)
{
  return data;
}

int main(void)
{
  pthread_t thread;
  pthread_create(&thread, NULL, test_func, NULL);
  pthread_detach(thread);
  pthread_join(thread, NULL);
  pthread_atfork(NULL, NULL, NULL);
  pthread_exit(NULL);

  return 0;
}

Determining if the function pthread_create exists in the pthreads failed with the following output:
Change Dir: /home/rento/ダウンロード/Qnotepad-Ja/build/CMakeFiles/CMakeTmp

Run Build Command(s):/usr/bin/make cmTC_83032/fast && /usr/bin/make -f CMakeFiles/cmTC_83032.dir/build.make CMakeFiles/cmTC_83032.dir/build
make[1]: ディレクトリ '/home/rento/ダウンロード/Qnotepad-Ja/build/CMakeFiles/CMakeTmp' に入ります
Building C object CMakeFiles/cmTC_83032.dir/CheckFunctionExists.c.o
/usr/bin/cc   -DCHECK_FUNCTION_EXISTS=pthread_create   -o CMakeFiles/cmTC_83032.dir/CheckFunctionExists.c.o   -c /usr/share/cmake-3.16/Modules/CheckFunctionExists.c
Linking C executable cmTC_83032
/usr/bin/cmake -E cmake_link_script CMakeFiles/cmTC_83032.dir/link.txt --verbose=1
/usr/bin/cc  -DCHECK_FUNCTION_EXISTS=pthread_create    CMakeFiles/cmTC_83032.dir/CheckFunctionExists.c.o  -o cmTC_83032  -lpthreads 
/usr/bin/ld: -lpthreads が見つかりません
collect2: error: ld returned 1 exit status
make[1]: *** [CMakeFiles/cmTC_83032.dir/build.make:87: cmTC_83032] エラー 1
make[1]: ディレクトリ '/home/rento/ダウンロード/Qnotepad-Ja/build/CMakeFiles/CMakeTmp' から出ます
make: *** [Makefile:121: cmTC_83032/fast] エラー 2



Determining if the strtod_l exist failed with the following output:
Change Dir: /home/rento/ダウンロード/Qnotepad-Ja/build/CMakeFiles/CMakeTmp

Run Build Command(s):/usr/bin/make cmTC_2d3ce/fast && /usr/bin/make -f CMakeFiles/cmTC_2d3ce.dir/build.make CMakeFiles/cmTC_2d3ce.dir/build
make[1]: ディレクトリ '/home/rento/ダウンロード/Qnotepad-Ja/build/CMakeFiles/CMakeTmp' に入ります
Building C object CMakeFiles/cmTC_2d3ce.dir/CheckSymbolExists.c.o
/usr/bin/cc    -o CMakeFiles/cmTC_2d3ce.dir/CheckSymbolExists.c.o   -c /home/rento/ダウンロード/Qnotepad-Ja/build/CMakeFiles/CMakeTmp/CheckSymbolExists.c
/home/rento/ダウンロード/Qnotepad-Ja/build/CMakeFiles/CMakeTmp/CheckSymbolExists.c: In function ‘main’:
/home/rento/ダウンロード/Qnotepad-Ja/build/CMakeFiles/CMakeTmp/CheckSymbolExists.c:8:19: error: ‘strtod_l’ undeclared (first use in this function); did you mean ‘strtoull’?
    8 |   return ((int*)(&strtod_l))[argc];
      |                   ^~~~~~~~
      |                   strtoull
/home/rento/ダウンロード/Qnotepad-Ja/build/CMakeFiles/CMakeTmp/CheckSymbolExists.c:8:19: note: each undeclared identifier is reported only once for each function it appears in
make[1]: *** [CMakeFiles/cmTC_2d3ce.dir/build.make:66: CMakeFiles/cmTC_2d3ce.dir/CheckSymbolExists.c.o] エラー 1
make[1]: ディレクトリ '/home/rento/ダウンロード/Qnotepad-Ja/build/CMakeFiles/CMakeTmp' から出ます
make: *** [Makefile:121: cmTC_2d3ce/fast] エラー 2


File /home/rento/ダウンロード/Qnotepad-Ja/build/CMakeFiles/CMakeTmp/CheckSymbolExists.c:
/* */
#include <stdlib.h>

int main(int argc, char** argv)
{
  (void)argv;
#ifndef strtod_l
  return ((int*)(&strtod_l))[argc];
#else
  (void)argc;
  return 0;
#endif
}
